<?xml version="1.0" encoding="UTF-8"?>
<testsuite name="buy a ticket travel" tests="1" skipped="0" failures="0" errors="0" timestamp="2022-12-15T04:57:44" hostname="DESKTOP-6KOR5N8" time="29.458">
  <properties/>
  <testcase name="The user booking succelfully the ticket to the travel Round trip" classname="buy a ticket travel" time="29.458"/>
  <system-out><![CDATA[Ir a la opcion del menu book now
23:58:02:236 >> Loading UFT Java Support (version 2021.0.0.0) (Eclipse Adoptium, 11.0.16)
Ir a la opcion reservaciom
]]></system-out>
  <system-err><![CDATA[dic. 14, 2022 11:57:45 P. M. org.openqa.selenium.remote.DesiredCapabilities chrome
INFORMACIÓN: Using `new ChromeOptions()` is preferred to `DesiredCapabilities.chrome()`
[Test worker] INFO net.serenitybdd.core.webdriver.driverproviders.ProvideNewDriver - Instantiating driver
[Test worker] INFO net.serenitybdd.core.webdriver.driverproviders.ProvideNewDriver - Driver capabilities: Capabilities {acceptInsecureCerts: false, browserName: chrome, chrome.switches: --start-maximized, goog:chromeOptions: {args: [--start-maximized], extensions: []}, loggingPrefs: org.openqa.selenium.logging..., platform: ANY, version: }
Starting ChromeDriver 107.0.5304.62 (1eec40d3a5764881c92085aaee66d25075c159aa-refs/branch-heads/5304@{#942}) on port 8636
Only local connections are allowed.
Please see https://chromedriver.chromium.org/security-considerations for suggestions on keeping ChromeDriver safe.
ChromeDriver was started successfully.
[1671080267.307][WARNING]: This version of ChromeDriver has not been tested with Chrome version 108.
dic. 14, 2022 11:57:47 P. M. org.openqa.selenium.remote.ProtocolHandshake createSession
INFORMACIÓN: Detected dialect: W3C
[Test worker] INFO net.thucydides.core.steps.ConsoleLoggingListener - 
        __    _____ _____ ____ _____   ____   _    ____  ____  _____ ____  
  _     \ \  |_   _| ____/ ___|_   _| |  _ \ / \  / ___|/ ___|| ____|  _ \ 
 (_)_____| |   | | |  _| \___ \ | |   | |_) / _ \ \___ \\___ \|  _| | | | |
  _|_____| |   | | | |___ ___) || |   |  __/ ___ \ ___) |___) | |___| |_| |
 (_)     | |   |_| |_____|____/ |_|   |_| /_/   \_\____/|____/|_____|____/ 
        /_/                                                                

TEST PASSED: The user booking succelfully the ticket to the travel Round trip
----------------------------------------------------------------------------
]]></system-err>
</testsuite>
